<?xml version="1.0" encoding="UTF-8"?>
<!-- Generated by org.testng.reporters.JUnitXMLReporter -->
<testsuite ignored="0" hostname="Pavithra-Laptop" failures="0" tests="3" name="Test" time="31.772" errors="0" timestamp="2023-04-25T11:25:42 MST">
  <testcase classname="com.tarladalal.testcases.TC_Hypothyroidism" name="browserlaunch" time="7.151"/>
  <testcase classname="com.tarladalal.testcases.TC_Hypothyroidism" name="getRecipeDetails" time="7.216"/>
  <testcase classname="com.tarladalal.testcases.TC_Hypothyroidism" name="captureDatainsheet" time="12.847"/>
</testsuite> <!-- Test -->
